[ 2015-10-15T16:44:15+08:00 ] ::1 /top100_data_check/Home/Part1/getlist_1_1.html
INFO: [ app_begin ] --START--
INFO: Run Behavior\ReadHtmlCacheBehavior [ RunTime:0.001000s ]
INFO: [ app_begin ] --END-- [ RunTime:0.002000s ]
SQL: SHOW COLUMNS FROM `973project` [ RunTime:0.0140s ]
NOTIC: [8] Undefined index: username D:\php_www\top100_data_check\APP\Home\Controller\Part1Controller.class.php 第 46 行.
NOTIC: [8] Undefined index: username D:\php_www\top100_data_check\APP\Home\Controller\Part1Controller.class.php 第 47 行.
SQL: SELECT COUNT(*) AS tp_count FROM `973project` WHERE `HospName` = null LIMIT 1   [ RunTime:0.0030s ]
SQL: SELECT * FROM `973project` WHERE `HospName` = null ORDER BY HospName asc LIMIT 0,10   [ RunTime:0.0040s ]

[ 2015-10-15T16:44:16+08:00 ] ::1 /top100_data_check/Home/Part1/getlist_1_2.html
INFO: [ app_begin ] --START--
INFO: Run Behavior\ReadHtmlCacheBehavior [ RunTime:0.001000s ]
INFO: [ app_begin ] --END-- [ RunTime:0.001000s ]
SQL: SHOW COLUMNS FROM `863project` [ RunTime:0.0130s ]
NOTIC: [8] Undefined index: username D:\php_www\top100_data_check\APP\Home\Controller\Part1Controller.class.php 第 201 行.
NOTIC: [8] Undefined index: username D:\php_www\top100_data_check\APP\Home\Controller\Part1Controller.class.php 第 202 行.
SQL: SELECT COUNT(*) AS tp_count FROM `863project` WHERE `HospName` = null LIMIT 1   [ RunTime:0.0030s ]
SQL: SELECT * FROM `863project` WHERE `HospName` = null ORDER BY HospName asc LIMIT 0,10   [ RunTime:0.0040s ]

[ 2015-10-15T16:44:40+08:00 ] ::1 /top100_data_check/Home/Part1/getlist_1_2.html
INFO: [ app_begin ] --START--
INFO: Run Behavior\ReadHtmlCacheBehavior [ RunTime:0.000000s ]
INFO: [ app_begin ] --END-- [ RunTime:0.001000s ]
SQL: SHOW COLUMNS FROM `863project` [ RunTime:0.0140s ]
NOTIC: [8] Undefined index: username D:\php_www\top100_data_check\APP\Home\Controller\Part1Controller.class.php 第 201 行.
NOTIC: [8] Undefined index: username D:\php_www\top100_data_check\APP\Home\Controller\Part1Controller.class.php 第 202 行.
SQL: SELECT COUNT(*) AS tp_count FROM `863project` WHERE `HospName` = null LIMIT 1   [ RunTime:0.0030s ]
SQL: SELECT * FROM `863project` WHERE `HospName` = null ORDER BY HospName asc LIMIT 0,10   [ RunTime:0.0040s ]

[ 2015-10-15T16:44:41+08:00 ] ::1 /top100_data_check/Home/Part1/getlist_1_1.html
INFO: [ app_begin ] --START--
INFO: Run Behavior\ReadHtmlCacheBehavior [ RunTime:0.001000s ]
INFO: [ app_begin ] --END-- [ RunTime:0.002000s ]
SQL: SHOW COLUMNS FROM `973project` [ RunTime:0.0130s ]
NOTIC: [8] Undefined index: username D:\php_www\top100_data_check\APP\Home\Controller\Part1Controller.class.php 第 46 行.
NOTIC: [8] Undefined index: username D:\php_www\top100_data_check\APP\Home\Controller\Part1Controller.class.php 第 47 行.
SQL: SELECT COUNT(*) AS tp_count FROM `973project` WHERE `HospName` = null LIMIT 1   [ RunTime:0.0030s ]
SQL: SELECT * FROM `973project` WHERE `HospName` = null ORDER BY HospName asc LIMIT 0,10   [ RunTime:0.0050s ]

