[ 2016-09-30T14:32:50+08:00 ] ::1 /whattocook/
INFO: [ app_init ] --START--
INFO: Run Behavior\BuildLiteBehavior [ RunTime:0.000028s ]
INFO: [ app_init ] --END-- [ RunTime:0.002838s ]
INFO: [ app_begin ] --START--
INFO: Run Behavior\ReadHtmlCacheBehavior [ RunTime:0.001084s ]
INFO: [ app_begin ] --END-- [ RunTime:0.001173s ]
ERR: SQLSTATE[HY000] [1045] Access denied for user 'root'@'localhost' (using password: NO)

[ 2016-09-30T14:33:11+08:00 ] ::1 /whattocook/
INFO: [ app_init ] --START--
INFO: Run Behavior\BuildLiteBehavior [ RunTime:0.000029s ]
INFO: [ app_init ] --END-- [ RunTime:0.000609s ]
INFO: [ app_begin ] --START--
INFO: Run Behavior\ReadHtmlCacheBehavior [ RunTime:0.000672s ]
INFO: [ app_begin ] --END-- [ RunTime:0.000762s ]
SQL: SHOW COLUMNS FROM `type` [ RunTime:0.0025s ]
SQL: SHOW COLUMNS FROM `recipe` [ RunTime:0.0012s ]
SQL: SELECT * FROM `type` WHERE ( fatherid = 0 )  [ RunTime:0.0024s ]
SQL: SELECT * FROM `type` WHERE `fatherid` = 44  [ RunTime:0.0002s ]
SQL: SELECT * FROM `type` WHERE `fatherid` = 45  [ RunTime:0.0002s ]
SQL: SELECT * FROM `type` WHERE `fatherid` = 46  [ RunTime:0.0002s ]
SQL: SELECT * FROM `type` WHERE `fatherid` = 47  [ RunTime:0.0002s ]
SQL: SELECT * FROM `type` WHERE `fatherid` = 48  [ RunTime:0.0002s ]
SQL: SELECT * FROM `type` WHERE `fatherid` = 49  [ RunTime:0.0002s ]
SQL: SELECT * FROM `type` WHERE `fatherid` = 50  [ RunTime:0.0002s ]
SQL: SELECT * FROM `type` WHERE `fatherid` = 51  [ RunTime:0.0002s ]
SQL: SELECT * FROM `type` WHERE `fatherid` = 52  [ RunTime:0.0002s ]
SQL: SELECT * FROM `type` WHERE `fatherid` = 424  [ RunTime:0.0002s ]
SQL: SELECT * FROM `type` WHERE `fatherid` = 427  [ RunTime:0.0003s ]
SQL: SELECT * FROM `type` WHERE `fatherid` = 435  [ RunTime:0.0003s ]
INFO: [ view_parse ] --START--
INFO: [ template_filter ] --START--
INFO: Run Behavior\ContentReplaceBehavior [ RunTime:0.000070s ]
INFO: [ template_filter ] --END-- [ RunTime:0.000161s ]
INFO: Run Behavior\ParseTemplateBehavior [ RunTime:0.025888s ]
INFO: [ view_parse ] --END-- [ RunTime:0.025986s ]
INFO: [ view_filter ] --START--
INFO: Run Behavior\WriteHtmlCacheBehavior [ RunTime:0.000822s ]
INFO: [ view_filter ] --END-- [ RunTime:0.000942s ]
INFO: [ app_end ] --START--
INFO: Run Behavior\ShowPageTraceBehavior [ RunTime:0.001438s ]
INFO: [ app_end ] --END-- [ RunTime:0.001554s ]

[ 2016-09-30T14:33:14+08:00 ] ::1 /whattocook/Home/Index/recipeDetail.html
INFO: [ app_init ] --START--
INFO: Run Behavior\BuildLiteBehavior [ RunTime:0.000022s ]
INFO: [ app_init ] --END-- [ RunTime:0.000478s ]
INFO: [ app_begin ] --START--
INFO: Run Behavior\ReadHtmlCacheBehavior [ RunTime:0.000957s ]
INFO: [ app_begin ] --END-- [ RunTime:0.001109s ]
SQL: SHOW COLUMNS FROM `recipe` [ RunTime:0.0015s ]
SQL: SHOW COLUMNS FROM `type` [ RunTime:0.0010s ]
SQL: SELECT * FROM `recipe`  [ RunTime:0.0268s ]
SQL: SELECT * FROM `type` WHERE ( id = 50 ) LIMIT 1   [ RunTime:0.0012s ]
SQL: SELECT * FROM `type` WHERE ( id = 50 ) LIMIT 1   [ RunTime:0.0003s ]
INFO: [ view_parse ] --START--
INFO: [ template_filter ] --START--
INFO: Run Behavior\ContentReplaceBehavior [ RunTime:0.000073s ]
INFO: [ template_filter ] --END-- [ RunTime:0.000175s ]
INFO: Run Behavior\ParseTemplateBehavior [ RunTime:0.014024s ]
INFO: [ view_parse ] --END-- [ RunTime:0.014103s ]
INFO: [ view_filter ] --START--
INFO: Run Behavior\WriteHtmlCacheBehavior [ RunTime:0.000172s ]
INFO: [ view_filter ] --END-- [ RunTime:0.000233s ]
INFO: [ app_end ] --START--
INFO: Run Behavior\ShowPageTraceBehavior [ RunTime:0.001154s ]
INFO: [ app_end ] --END-- [ RunTime:0.001520s ]

[ 2016-09-30T14:33:17+08:00 ] ::1 /whattocook/Home/Index/index.html
INFO: [ app_init ] --START--
INFO: Run Behavior\BuildLiteBehavior [ RunTime:0.000022s ]
INFO: [ app_init ] --END-- [ RunTime:0.000439s ]
INFO: [ app_begin ] --START--
INFO: Run Behavior\ReadHtmlCacheBehavior [ RunTime:0.001126s ]
INFO: [ app_begin ] --END-- [ RunTime:0.001206s ]
SQL: SHOW COLUMNS FROM `type` [ RunTime:0.0033s ]
SQL: SHOW COLUMNS FROM `recipe` [ RunTime:0.0011s ]
SQL: SELECT * FROM `type` WHERE ( fatherid = 0 )  [ RunTime:0.0004s ]
SQL: SELECT * FROM `type` WHERE `fatherid` = 44  [ RunTime:0.0003s ]
SQL: SELECT * FROM `type` WHERE `fatherid` = 45  [ RunTime:0.0002s ]
SQL: SELECT * FROM `type` WHERE `fatherid` = 46  [ RunTime:0.0003s ]
SQL: SELECT * FROM `type` WHERE `fatherid` = 47  [ RunTime:0.0005s ]
SQL: SELECT * FROM `type` WHERE `fatherid` = 48  [ RunTime:0.0006s ]
SQL: SELECT * FROM `type` WHERE `fatherid` = 49  [ RunTime:0.0005s ]
SQL: SELECT * FROM `type` WHERE `fatherid` = 50  [ RunTime:0.0005s ]
SQL: SELECT * FROM `type` WHERE `fatherid` = 51  [ RunTime:0.0003s ]
SQL: SELECT * FROM `type` WHERE `fatherid` = 52  [ RunTime:0.0002s ]
SQL: SELECT * FROM `type` WHERE `fatherid` = 424  [ RunTime:0.0002s ]
SQL: SELECT * FROM `type` WHERE `fatherid` = 427  [ RunTime:0.0002s ]
SQL: SELECT * FROM `type` WHERE `fatherid` = 435  [ RunTime:0.0002s ]
INFO: [ view_parse ] --START--
INFO: [ template_filter ] --START--
INFO: Run Behavior\ContentReplaceBehavior [ RunTime:0.000120s ]
INFO: [ template_filter ] --END-- [ RunTime:0.000285s ]
INFO: Run Behavior\ParseTemplateBehavior [ RunTime:0.013732s ]
INFO: [ view_parse ] --END-- [ RunTime:0.013830s ]
INFO: [ view_filter ] --START--
INFO: Run Behavior\WriteHtmlCacheBehavior [ RunTime:0.000233s ]
INFO: [ view_filter ] --END-- [ RunTime:0.000309s ]
INFO: [ app_end ] --START--
INFO: Run Behavior\ShowPageTraceBehavior [ RunTime:0.001050s ]
INFO: [ app_end ] --END-- [ RunTime:0.001193s ]

[ 2016-09-30T14:33:19+08:00 ] ::1 /whattocook/Home/Index/recipeDetail.html
INFO: [ app_init ] --START--
INFO: Run Behavior\BuildLiteBehavior [ RunTime:0.000051s ]
INFO: [ app_init ] --END-- [ RunTime:0.000530s ]
INFO: [ app_begin ] --START--
INFO: Run Behavior\ReadHtmlCacheBehavior [ RunTime:0.001171s ]
INFO: [ app_begin ] --END-- [ RunTime:0.001362s ]
SQL: SHOW COLUMNS FROM `recipe` [ RunTime:0.0032s ]
SQL: SHOW COLUMNS FROM `type` [ RunTime:0.0015s ]
SQL: SELECT * FROM `recipe`  [ RunTime:0.0235s ]
SQL: SELECT * FROM `type` WHERE ( id = 45 ) LIMIT 1   [ RunTime:0.0003s ]
SQL: SELECT * FROM `type` WHERE ( id = 64 ) LIMIT 1   [ RunTime:0.0002s ]
INFO: [ view_parse ] --START--
INFO: [ template_filter ] --START--
INFO: Run Behavior\ContentReplaceBehavior [ RunTime:0.000070s ]
INFO: [ template_filter ] --END-- [ RunTime:0.000157s ]
INFO: Run Behavior\ParseTemplateBehavior [ RunTime:0.014009s ]
INFO: [ view_parse ] --END-- [ RunTime:0.014091s ]
INFO: [ view_filter ] --START--
INFO: Run Behavior\WriteHtmlCacheBehavior [ RunTime:0.000166s ]
INFO: [ view_filter ] --END-- [ RunTime:0.000227s ]
INFO: [ app_end ] --START--
INFO: Run Behavior\ShowPageTraceBehavior [ RunTime:0.001379s ]
INFO: [ app_end ] --END-- [ RunTime:0.001703s ]

[ 2016-09-30T14:33:24+08:00 ] ::1 /whattocook/Home/Index/index.html
INFO: [ app_init ] --START--
INFO: Run Behavior\BuildLiteBehavior [ RunTime:0.000022s ]
INFO: [ app_init ] --END-- [ RunTime:0.000519s ]
INFO: [ app_begin ] --START--
INFO: Run Behavior\ReadHtmlCacheBehavior [ RunTime:0.000622s ]
INFO: [ app_begin ] --END-- [ RunTime:0.000700s ]
SQL: SHOW COLUMNS FROM `type` [ RunTime:0.0030s ]
SQL: SHOW COLUMNS FROM `recipe` [ RunTime:0.0012s ]
SQL: SELECT * FROM `type` WHERE ( fatherid = 0 )  [ RunTime:0.0003s ]
SQL: SELECT * FROM `type` WHERE `fatherid` = 44  [ RunTime:0.0002s ]
SQL: SELECT * FROM `type` WHERE `fatherid` = 45  [ RunTime:0.0002s ]
SQL: SELECT * FROM `type` WHERE `fatherid` = 46  [ RunTime:0.0003s ]
SQL: SELECT * FROM `type` WHERE `fatherid` = 47  [ RunTime:0.0002s ]
SQL: SELECT * FROM `type` WHERE `fatherid` = 48  [ RunTime:0.0003s ]
SQL: SELECT * FROM `type` WHERE `fatherid` = 49  [ RunTime:0.0002s ]
SQL: SELECT * FROM `type` WHERE `fatherid` = 50  [ RunTime:0.0002s ]
SQL: SELECT * FROM `type` WHERE `fatherid` = 51  [ RunTime:0.0002s ]
SQL: SELECT * FROM `type` WHERE `fatherid` = 52  [ RunTime:0.0002s ]
SQL: SELECT * FROM `type` WHERE `fatherid` = 424  [ RunTime:0.0002s ]
SQL: SELECT * FROM `type` WHERE `fatherid` = 427  [ RunTime:0.0002s ]
SQL: SELECT * FROM `type` WHERE `fatherid` = 435  [ RunTime:0.0003s ]
INFO: [ view_parse ] --START--
INFO: [ template_filter ] --START--
INFO: Run Behavior\ContentReplaceBehavior [ RunTime:0.000066s ]
INFO: [ template_filter ] --END-- [ RunTime:0.000151s ]
INFO: Run Behavior\ParseTemplateBehavior [ RunTime:0.012157s ]
INFO: [ view_parse ] --END-- [ RunTime:0.012228s ]
INFO: [ view_filter ] --START--
INFO: Run Behavior\WriteHtmlCacheBehavior [ RunTime:0.000161s ]
INFO: [ view_filter ] --END-- [ RunTime:0.000218s ]
INFO: [ app_end ] --START--
INFO: Run Behavior\ShowPageTraceBehavior [ RunTime:0.000840s ]
INFO: [ app_end ] --END-- [ RunTime:0.000946s ]

[ 2016-09-30T14:33:29+08:00 ] ::1 /whattocook/Home/Index/recipeDetail.html
INFO: [ app_init ] --START--
INFO: Run Behavior\BuildLiteBehavior [ RunTime:0.000033s ]
INFO: [ app_init ] --END-- [ RunTime:0.000877s ]
INFO: [ app_begin ] --START--
INFO: Run Behavior\ReadHtmlCacheBehavior [ RunTime:0.000810s ]
INFO: [ app_begin ] --END-- [ RunTime:0.000969s ]
SQL: SHOW COLUMNS FROM `recipe` [ RunTime:0.0041s ]
SQL: SHOW COLUMNS FROM `type` [ RunTime:0.0012s ]
SQL: SELECT * FROM `recipe` WHERE ( recipe_fid = 48 )  [ RunTime:0.0075s ]
SQL: SELECT * FROM `type` WHERE ( id = 48 ) LIMIT 1   [ RunTime:0.0003s ]
SQL: SELECT * FROM `type` WHERE ( id = 100 ) LIMIT 1   [ RunTime:0.0003s ]
INFO: [ view_parse ] --START--
INFO: [ template_filter ] --START--
INFO: Run Behavior\ContentReplaceBehavior [ RunTime:0.000110s ]
INFO: [ template_filter ] --END-- [ RunTime:0.000214s ]
INFO: Run Behavior\ParseTemplateBehavior [ RunTime:0.014979s ]
INFO: [ view_parse ] --END-- [ RunTime:0.015074s ]
INFO: [ view_filter ] --START--
INFO: Run Behavior\WriteHtmlCacheBehavior [ RunTime:0.000205s ]
INFO: [ view_filter ] --END-- [ RunTime:0.000277s ]
INFO: [ app_end ] --START--
INFO: Run Behavior\ShowPageTraceBehavior [ RunTime:0.001849s ]
INFO: [ app_end ] --END-- [ RunTime:0.002047s ]

[ 2016-09-30T14:33:43+08:00 ] ::1 /whattocook/Home/Index/index.html
INFO: [ app_init ] --START--
INFO: Run Behavior\BuildLiteBehavior [ RunTime:0.000027s ]
INFO: [ app_init ] --END-- [ RunTime:0.000533s ]
INFO: [ app_begin ] --START--
INFO: Run Behavior\ReadHtmlCacheBehavior [ RunTime:0.000589s ]
INFO: [ app_begin ] --END-- [ RunTime:0.000667s ]
SQL: SHOW COLUMNS FROM `type` [ RunTime:0.0032s ]
SQL: SHOW COLUMNS FROM `recipe` [ RunTime:0.0014s ]
SQL: SELECT * FROM `type` WHERE ( fatherid = 0 )  [ RunTime:0.0007s ]
SQL: SELECT * FROM `type` WHERE `fatherid` = 44  [ RunTime:0.0006s ]
SQL: SELECT * FROM `type` WHERE `fatherid` = 45  [ RunTime:0.0003s ]
SQL: SELECT * FROM `type` WHERE `fatherid` = 46  [ RunTime:0.0002s ]
SQL: SELECT * FROM `type` WHERE `fatherid` = 47  [ RunTime:0.0002s ]
SQL: SELECT * FROM `type` WHERE `fatherid` = 48  [ RunTime:0.0002s ]
SQL: SELECT * FROM `type` WHERE `fatherid` = 49  [ RunTime:0.0002s ]
SQL: SELECT * FROM `type` WHERE `fatherid` = 50  [ RunTime:0.0002s ]
SQL: SELECT * FROM `type` WHERE `fatherid` = 51  [ RunTime:0.0002s ]
SQL: SELECT * FROM `type` WHERE `fatherid` = 52  [ RunTime:0.0002s ]
SQL: SELECT * FROM `type` WHERE `fatherid` = 424  [ RunTime:0.0003s ]
SQL: SELECT * FROM `type` WHERE `fatherid` = 427  [ RunTime:0.0002s ]
SQL: SELECT * FROM `type` WHERE `fatherid` = 435  [ RunTime:0.0002s ]
INFO: [ view_parse ] --START--
INFO: [ template_filter ] --START--
INFO: Run Behavior\ContentReplaceBehavior [ RunTime:0.000081s ]
INFO: [ template_filter ] --END-- [ RunTime:0.000186s ]
INFO: Run Behavior\ParseTemplateBehavior [ RunTime:0.012960s ]
INFO: [ view_parse ] --END-- [ RunTime:0.013043s ]
INFO: [ view_filter ] --START--
INFO: Run Behavior\WriteHtmlCacheBehavior [ RunTime:0.000186s ]
INFO: [ view_filter ] --END-- [ RunTime:0.000249s ]
INFO: [ app_end ] --START--
INFO: Run Behavior\ShowPageTraceBehavior [ RunTime:0.000974s ]
INFO: [ app_end ] --END-- [ RunTime:0.001093s ]

[ 2016-09-30T14:33:48+08:00 ] ::1 /whattocook/Home/Index/recipeDetail.html
INFO: [ app_init ] --START--
INFO: Run Behavior\BuildLiteBehavior [ RunTime:0.000051s ]
INFO: [ app_init ] --END-- [ RunTime:0.001077s ]
INFO: [ app_begin ] --START--
INFO: Run Behavior\ReadHtmlCacheBehavior [ RunTime:0.001069s ]
INFO: [ app_begin ] --END-- [ RunTime:0.001294s ]
SQL: SHOW COLUMNS FROM `recipe` [ RunTime:0.0018s ]
SQL: SHOW COLUMNS FROM `type` [ RunTime:0.0013s ]
SQL: SELECT * FROM `recipe` WHERE ( recipe_id = 83 )  [ RunTime:0.0063s ]
SQL: SELECT * FROM `type` WHERE ( id = 47 ) LIMIT 1   [ RunTime:0.0002s ]
SQL: SELECT * FROM `type` WHERE ( id = 83 ) LIMIT 1   [ RunTime:0.0003s ]
INFO: [ view_parse ] --START--
INFO: [ template_filter ] --START--
INFO: Run Behavior\ContentReplaceBehavior [ RunTime:0.000086s ]
INFO: [ template_filter ] --END-- [ RunTime:0.000183s ]
INFO: Run Behavior\ParseTemplateBehavior [ RunTime:0.014046s ]
INFO: [ view_parse ] --END-- [ RunTime:0.014126s ]
INFO: [ view_filter ] --START--
INFO: Run Behavior\WriteHtmlCacheBehavior [ RunTime:0.000177s ]
INFO: [ view_filter ] --END-- [ RunTime:0.000235s ]
INFO: [ app_end ] --START--
INFO: Run Behavior\ShowPageTraceBehavior [ RunTime:0.000973s ]
INFO: [ app_end ] --END-- [ RunTime:0.001095s ]

[ 2016-09-30T14:34:12+08:00 ] ::1 /whattocook/Home/Index/index.html
INFO: [ app_init ] --START--
INFO: Run Behavior\BuildLiteBehavior [ RunTime:0.000036s ]
INFO: [ app_init ] --END-- [ RunTime:0.000778s ]
INFO: [ app_begin ] --START--
INFO: Run Behavior\ReadHtmlCacheBehavior [ RunTime:0.000896s ]
INFO: [ app_begin ] --END-- [ RunTime:0.001004s ]
SQL: SHOW COLUMNS FROM `type` [ RunTime:0.0016s ]
SQL: SHOW COLUMNS FROM `recipe` [ RunTime:0.0016s ]
SQL: SELECT * FROM `type` WHERE ( fatherid = 0 )  [ RunTime:0.0004s ]
SQL: SELECT * FROM `type` WHERE `fatherid` = 44  [ RunTime:0.0002s ]
SQL: SELECT * FROM `type` WHERE `fatherid` = 45  [ RunTime:0.0002s ]
SQL: SELECT * FROM `type` WHERE `fatherid` = 46  [ RunTime:0.0002s ]
SQL: SELECT * FROM `type` WHERE `fatherid` = 47  [ RunTime:0.0002s ]
SQL: SELECT * FROM `type` WHERE `fatherid` = 48  [ RunTime:0.0002s ]
SQL: SELECT * FROM `type` WHERE `fatherid` = 49  [ RunTime:0.0002s ]
SQL: SELECT * FROM `type` WHERE `fatherid` = 50  [ RunTime:0.0002s ]
SQL: SELECT * FROM `type` WHERE `fatherid` = 51  [ RunTime:0.0002s ]
SQL: SELECT * FROM `type` WHERE `fatherid` = 52  [ RunTime:0.0003s ]
SQL: SELECT * FROM `type` WHERE `fatherid` = 424  [ RunTime:0.0002s ]
SQL: SELECT * FROM `type` WHERE `fatherid` = 427  [ RunTime:0.0002s ]
SQL: SELECT * FROM `type` WHERE `fatherid` = 435  [ RunTime:0.0002s ]
INFO: [ view_parse ] --START--
INFO: [ template_filter ] --START--
INFO: Run Behavior\ContentReplaceBehavior [ RunTime:0.000069s ]
INFO: [ template_filter ] --END-- [ RunTime:0.000160s ]
INFO: Run Behavior\ParseTemplateBehavior [ RunTime:0.013920s ]
INFO: [ view_parse ] --END-- [ RunTime:0.013999s ]
INFO: [ view_filter ] --START--
INFO: Run Behavior\WriteHtmlCacheBehavior [ RunTime:0.000170s ]
INFO: [ view_filter ] --END-- [ RunTime:0.000228s ]
INFO: [ app_end ] --START--
INFO: Run Behavior\ShowPageTraceBehavior [ RunTime:0.001154s ]
INFO: [ app_end ] --END-- [ RunTime:0.001283s ]

[ 2016-09-30T14:34:19+08:00 ] ::1 /whattocook/Home/Index/recipeDetail.html
INFO: [ app_init ] --START--
INFO: Run Behavior\BuildLiteBehavior [ RunTime:0.000026s ]
INFO: [ app_init ] --END-- [ RunTime:0.000508s ]
INFO: [ app_begin ] --START--
INFO: Run Behavior\ReadHtmlCacheBehavior [ RunTime:0.000859s ]
INFO: [ app_begin ] --END-- [ RunTime:0.000946s ]
SQL: SHOW COLUMNS FROM `recipe` [ RunTime:0.0032s ]
SQL: SHOW COLUMNS FROM `type` [ RunTime:0.0016s ]
SQL: SELECT * FROM `recipe` WHERE ( recipe_fid = 45 )  [ RunTime:0.0090s ]
SQL: SELECT * FROM `type` WHERE ( id = 45 ) LIMIT 1   [ RunTime:0.0004s ]
SQL: SELECT * FROM `type` WHERE ( id = 61 ) LIMIT 1   [ RunTime:0.0003s ]
INFO: [ view_parse ] --START--
INFO: [ template_filter ] --START--
INFO: Run Behavior\ContentReplaceBehavior [ RunTime:0.000077s ]
INFO: [ template_filter ] --END-- [ RunTime:0.000162s ]
INFO: Run Behavior\ParseTemplateBehavior [ RunTime:0.013202s ]
INFO: [ view_parse ] --END-- [ RunTime:0.013317s ]
INFO: [ view_filter ] --START--
INFO: Run Behavior\WriteHtmlCacheBehavior [ RunTime:0.000165s ]
INFO: [ view_filter ] --END-- [ RunTime:0.000223s ]
INFO: [ app_end ] --START--
INFO: Run Behavior\ShowPageTraceBehavior [ RunTime:0.001170s ]
INFO: [ app_end ] --END-- [ RunTime:0.001370s ]

