[ 2015-11-20T10:38:07+08:00 ] ::1 /WhatToCook/js/jquery-1.11.2.min.js
ERR: 无法加载模块:Js

[ 2015-11-20T10:38:07+08:00 ] ::1 /WhatToCook/js/bootstrap.min.js
ERR: 无法加载模块:Js

[ 2015-11-20T10:38:07+08:00 ] ::1 /WhatToCook/js/fun.js
ERR: 无法加载模块:Js

[ 2015-11-20T10:38:07+08:00 ] ::1 /WhatToCook/Public/assets/css/__PUBLIC__/images/bg.jpg
ERR: 无法加载模块:Public

[ 2015-11-20T10:39:34+08:00 ] ::1 /WhatToCook/js/bootstrap.min.js
ERR: 无法加载模块:Js

[ 2015-11-20T10:39:34+08:00 ] ::1 /WhatToCook/js/fun.js
ERR: 无法加载模块:Js

[ 2015-11-20T10:39:34+08:00 ] ::1 /WhatToCook/js/jquery-1.11.2.min.js
ERR: 无法加载模块:Js

[ 2015-11-20T10:40:03+08:00 ] ::1 /WhatToCook/js/jquery-1.11.2.min.js
ERR: 无法加载模块:Js

[ 2015-11-20T10:40:03+08:00 ] ::1 /WhatToCook/js/fun.js
ERR: 无法加载模块:Js

[ 2015-11-20T10:40:03+08:00 ] ::1 /WhatToCook/js/bootstrap.min.js
ERR: 无法加载模块:Js

[ 2015-11-20T10:40:20+08:00 ] ::1 /WhatToCook/js/fun.js
ERR: 无法加载模块:Js

[ 2015-11-20T10:40:20+08:00 ] ::1 /WhatToCook/js/jquery-1.11.2.min.js
ERR: 无法加载模块:Js

[ 2015-11-20T10:40:20+08:00 ] ::1 /WhatToCook/js/bootstrap.min.js
ERR: 无法加载模块:Js

[ 2015-11-20T10:41:17+08:00 ] ::1 /WhatToCook/js/jquery-1.11.2.min.js
ERR: 无法加载模块:Js

[ 2015-11-20T10:41:17+08:00 ] ::1 /WhatToCook/js/bootstrap.min.js
ERR: 无法加载模块:Js

[ 2015-11-20T10:41:17+08:00 ] ::1 /WhatToCook/js/fun.js
ERR: 无法加载模块:Js

[ 2015-11-20T10:42:22+08:00 ] ::1 /WhatToCook/js/jquery-1.11.2.min.js
ERR: 无法加载模块:Js

[ 2015-11-20T10:42:22+08:00 ] ::1 /WhatToCook/js/bootstrap.min.js
ERR: 无法加载模块:Js

[ 2015-11-20T10:42:22+08:00 ] ::1 /WhatToCook/js/fun.js
ERR: 无法加载模块:Js

[ 2015-11-20T10:43:46+08:00 ] ::1 /WhatToCook/js/bootstrap.min.js
ERR: 无法加载模块:Js

[ 2015-11-20T10:43:46+08:00 ] ::1 /WhatToCook/js/fun.js
ERR: 无法加载模块:Js

[ 2015-11-20T10:43:46+08:00 ] ::1 /WhatToCook/js/jquery-1.11.2.min.js
ERR: 无法加载模块:Js

[ 2015-11-20T10:43:46+08:00 ] ::1 /WhatToCook/Public/assets/css/__PUBLIC__/images/bg.png
ERR: 无法加载模块:Public

[ 2015-11-20T10:44:39+08:00 ] ::1 /WhatToCook/js/jquery-1.11.2.min.js
ERR: 无法加载模块:Js

[ 2015-11-20T10:44:39+08:00 ] ::1 /WhatToCook/js/fun.js
ERR: 无法加载模块:Js

[ 2015-11-20T10:44:39+08:00 ] ::1 /WhatToCook/js/bootstrap.min.js
ERR: 无法加载模块:Js

[ 2015-11-20T10:44:39+08:00 ] ::1 /WhatToCook/Public/assets/images/bg.png
ERR: 无法加载模块:Public

[ 2015-11-20T10:44:48+08:00 ] ::1 /WhatToCook/js/jquery-1.11.2.min.js
ERR: 无法加载模块:Js

[ 2015-11-20T10:44:48+08:00 ] ::1 /WhatToCook/js/fun.js
ERR: 无法加载模块:Js

[ 2015-11-20T10:44:48+08:00 ] ::1 /WhatToCook/js/bootstrap.min.js
ERR: 无法加载模块:Js

[ 2015-11-20T10:45:11+08:00 ] ::1 /WhatToCook/js/jquery-1.11.2.min.js
ERR: 无法加载模块:Js

[ 2015-11-20T10:47:27+08:00 ] ::1 /WhatToCook/Public/assets/font/fontawesome-webfont.eot?
ERR: 无法加载模块:Public

[ 2015-11-20T10:51:52+08:00 ] ::1 /WhatToCook/Public/assets/font/fontawesome-webfont.eot?
ERR: 无法加载模块:Public

[ 2015-11-20T10:55:31+08:00 ] ::1 /WhatToCook/Public/images/bg.jpg
ERR: 无法加载模块:Public

[ 2015-11-20T11:27:24+08:00 ] ::1 /WhatToCook/Public/assets/js/bootstrap-tagsinput.min.js
ERR: 无法加载模块:Public

[ 2015-11-20T11:27:27+08:00 ] ::1 /WhatToCook/Public/assets/js/jquery-2.0.3.min.map
ERR: 无法加载模块:Public

[ 2015-11-20T11:28:23+08:00 ] ::1 /WhatToCook/Public/assets/js/bootstrap-tagsinput.min.js
ERR: 无法加载模块:Public

[ 2015-11-20T11:29:03+08:00 ] ::1 /WhatToCook/Public/assets/js/jquery-2.0.3.min.map
ERR: 无法加载模块:Public

[ 2015-11-20T11:30:34+08:00 ] ::1 /WhatToCook/Public/assets/js/bootstrap-tagsinput.min.js
ERR: 无法加载模块:Public

[ 2015-11-20T11:30:55+08:00 ] ::1 /WhatToCook/Public/assets/js/jquery-2.0.3.min.map
ERR: 无法加载模块:Public

[ 2015-11-20T11:31:43+08:00 ] ::1 /WhatToCook/Public/assets/js/jquery-2.0.3.min.map
ERR: 无法加载模块:Public

[ 2015-11-20T11:31:43+08:00 ] ::1 /WhatToCook/Public/assets/js/bootstrap-tagsinput.min.js.map
ERR: 无法加载模块:Public

[ 2015-11-20T11:33:34+08:00 ] ::1 /WhatToCook/Public/assets/js/bootstrap-tagsinput.min.js.map
ERR: 无法加载模块:Public

[ 2015-11-20T11:33:34+08:00 ] ::1 /WhatToCook/Public/assets/js/jquery-2.0.3.min.map
ERR: 无法加载模块:Public

[ 2015-11-20T11:34:25+08:00 ] ::1 /WhatToCook/Public/assets/js/jquery-2.0.3.min.map
ERR: 无法加载模块:Public

[ 2015-11-20T11:34:26+08:00 ] ::1 /WhatToCook/Public/assets/js/bootstrap-tagsinput.min.js.map
ERR: 无法加载模块:Public

[ 2015-11-20T11:34:34+08:00 ] ::1 /WhatToCook/Public/assets/js/jquery-2.0.3.min.map
ERR: 无法加载模块:Public

[ 2015-11-20T11:34:34+08:00 ] ::1 /WhatToCook/Public/assets/js/bootstrap-tagsinput.min.js.map
ERR: 无法加载模块:Public

[ 2015-11-20T11:35:31+08:00 ] ::1 /WhatToCook/Public/assets/js/bootstrap-tagsinput.min.js.map
ERR: 无法加载模块:Public

[ 2015-11-20T11:35:31+08:00 ] ::1 /WhatToCook/Public/assets/js/jquery-2.0.3.min.map
ERR: 无法加载模块:Public

[ 2015-11-20T11:36:53+08:00 ] ::1 /WhatToCook/Public/assets/js/jquery-2.0.3.min.map
ERR: 无法加载模块:Public

[ 2015-11-20T11:36:53+08:00 ] ::1 /WhatToCook/Public/assets/js/bootstrap-tagsinput.min.js.map
ERR: 无法加载模块:Public

[ 2015-11-20T11:37:20+08:00 ] ::1 /WhatToCook/Public/assets/js/jquery-2.0.3.min.map
ERR: 无法加载模块:Public

[ 2015-11-20T11:37:20+08:00 ] ::1 /WhatToCook/Public/assets/js/bootstrap-tagsinput.min.js.map
ERR: 无法加载模块:Public

[ 2015-11-20T14:14:12+08:00 ] ::1 /WhatToCook/Public/assets/js/jquery-2.0.3.min.map
ERR: 无法加载模块:Public

[ 2015-11-20T14:14:12+08:00 ] ::1 /WhatToCook/Public/assets/js/bootstrap-tagsinput.min.js.map
ERR: 无法加载模块:Public

[ 2015-11-20T14:30:58+08:00 ] ::1 /WhatToCook/Public/assets/js/jquery-2.0.3.min.map
ERR: 无法加载模块:Public

[ 2015-11-20T14:30:58+08:00 ] ::1 /WhatToCook/Public/assets/js/bootstrap-tagsinput.min.js.map
ERR: 无法加载模块:Public

[ 2015-11-20T14:31:43+08:00 ] ::1 /WhatToCook/Public/assets/js/bootstrap-tagsinput.min.js.map
ERR: 无法加载模块:Public

[ 2015-11-20T14:31:43+08:00 ] ::1 /WhatToCook/Public/assets/js/jquery-2.0.3.min.map
ERR: 无法加载模块:Public

[ 2015-11-20T14:32:57+08:00 ] ::1 /WhatToCook/Public/assets/js/jquery-2.0.3.min.map
ERR: 无法加载模块:Public

[ 2015-11-20T14:32:57+08:00 ] ::1 /WhatToCook/Public/assets/js/bootstrap-tagsinput.min.js.map
ERR: 无法加载模块:Public

[ 2015-11-20T14:38:17+08:00 ] ::1 /WhatToCook/Public/assets/js/jquery-2.0.3.min.map
ERR: 无法加载模块:Public

[ 2015-11-20T14:38:17+08:00 ] ::1 /WhatToCook/Public/assets/js/bootstrap-tagsinput.min.js.map
ERR: 无法加载模块:Public

[ 2015-11-20T15:02:41+08:00 ] ::1 /WhatToCook/Public/assets/js/bootstrap-tagsinput.min.js.map
ERR: 无法加载模块:Public

[ 2015-11-20T15:02:41+08:00 ] ::1 /WhatToCook/Public/assets/js/jquery-2.0.3.min.map
ERR: 无法加载模块:Public

[ 2015-11-20T15:02:49+08:00 ] ::1 /WhatToCook/Public/assets/js/jquery-2.0.3.min.map
ERR: 无法加载模块:Public

[ 2015-11-20T15:02:50+08:00 ] ::1 /WhatToCook/Public/assets/js/bootstrap-tagsinput.min.js.map
ERR: 无法加载模块:Public

[ 2015-11-20T15:03:46+08:00 ] ::1 /WhatToCook/Public/assets/js/bootstrap-tagsinput.min.js.map
ERR: 无法加载模块:Public

[ 2015-11-20T15:03:46+08:00 ] ::1 /WhatToCook/Public/assets/js/jquery-2.0.3.min.map
ERR: 无法加载模块:Public

[ 2015-11-20T16:15:28+08:00 ] ::1 /WhatToCook/Public/assets/js/jquery-2.0.3.min.map
ERR: 无法加载模块:Public

[ 2015-11-20T16:16:00+08:00 ] ::1 /WhatToCook/Public/assets/js/jquery-2.0.3.min.map
ERR: 无法加载模块:Public

[ 2015-11-20T16:16:41+08:00 ] ::1 /WhatToCook/Public/assets/js/jquery-2.0.3.min.map
ERR: 无法加载模块:Public

[ 2015-11-20T16:16:43+08:00 ] ::1 /WhatToCook/Public/assets/js/jquery-2.0.3.min.map
ERR: 无法加载模块:Public

[ 2015-11-20T16:16:49+08:00 ] ::1 /WhatToCook/Public/assets/js/jquery-2.0.3.min.map
ERR: 无法加载模块:Public

[ 2015-11-20T16:16:49+08:00 ] ::1 /WhatToCook/Public/assets/js/bootstrap-tagsinput.min.js.map
ERR: 无法加载模块:Public

[ 2015-11-20T16:16:50+08:00 ] ::1 /WhatToCook/Public/assets/js/jquery-2.0.3.min.map
ERR: 无法加载模块:Public

[ 2015-11-20T16:16:55+08:00 ] ::1 /WhatToCook/Public/assets/js/jquery-2.0.3.min.map
ERR: 无法加载模块:Public

[ 2015-11-20T16:16:55+08:00 ] ::1 /WhatToCook/Public/assets/js/bootstrap-tagsinput.min.js.map
ERR: 无法加载模块:Public

[ 2015-11-20T16:16:56+08:00 ] ::1 /WhatToCook/Public/assets/js/jquery-2.0.3.min.map
ERR: 无法加载模块:Public

[ 2015-11-20T16:18:07+08:00 ] ::1 /WhatToCook/Public/assets/js/jquery-2.0.3.min.map
ERR: 无法加载模块:Public

[ 2015-11-20T16:18:09+08:00 ] ::1 /WhatToCook/Public/assets/js/jquery-2.0.3.min.map
ERR: 无法加载模块:Public

[ 2015-11-20T16:18:10+08:00 ] ::1 /WhatToCook/Public/assets/js/jquery-2.0.3.min.map
ERR: 无法加载模块:Public

[ 2015-11-20T16:20:15+08:00 ] ::1 /WhatToCook/Public/assets/js/jquery-2.0.3.min.map
ERR: 无法加载模块:Public

[ 2015-11-20T16:21:14+08:00 ] ::1 /WhatToCook/Public/assets/js/jquery-2.0.3.min.map
ERR: 无法加载模块:Public

[ 2015-11-20T16:22:25+08:00 ] ::1 /WhatToCook/Public/assets/js/jquery-2.0.3.min.map
ERR: 无法加载模块:Public

[ 2015-11-20T16:23:03+08:00 ] ::1 /WhatToCook/Public/assets/js/jquery-2.0.3.min.map
ERR: 无法加载模块:Public

[ 2015-11-20T16:28:34+08:00 ] ::1 /WhatToCook/Public/assets/js/jquery-2.0.3.min.map
ERR: 无法加载模块:Public

[ 2015-11-20T16:28:38+08:00 ] ::1 /WhatToCook/Public/assets/js/jquery-2.0.3.min.map
ERR: 无法加载模块:Public

[ 2015-11-20T16:29:08+08:00 ] ::1 /WhatToCook/Public/assets/js/jquery-2.0.3.min.map
ERR: 无法加载模块:Public

[ 2015-11-20T16:32:27+08:00 ] ::1 /WhatToCook/Public/assets/js/jquery-2.0.3.min.map
ERR: 无法加载模块:Public

[ 2015-11-20T16:32:35+08:00 ] ::1 /WhatToCook/Public/assets/js/jquery-2.0.3.min.map
ERR: 无法加载模块:Public

[ 2015-11-20T16:35:19+08:00 ] ::1 /WhatToCook/Public/assets/js/jquery-2.0.3.min.map
ERR: 无法加载模块:Public

[ 2015-11-20T16:35:22+08:00 ] ::1 /WhatToCook/Public/assets/js/jquery-2.0.3.min.map
ERR: 无法加载模块:Public

[ 2015-11-20T16:37:32+08:00 ] ::1 /WhatToCook/Public/assets/js/jquery-2.0.3.min.map
ERR: 无法加载模块:Public

[ 2015-11-20T16:37:36+08:00 ] ::1 /WhatToCook/Public/assets/js/jquery-2.0.3.min.map
ERR: 无法加载模块:Public

[ 2015-11-20T16:37:37+08:00 ] ::1 /WhatToCook/Public/assets/js/jquery-2.0.3.min.map
ERR: 无法加载模块:Public

[ 2015-11-20T16:38:00+08:00 ] ::1 /WhatToCook/Public/assets/js/jquery-2.0.3.min.map
ERR: 无法加载模块:Public

[ 2015-11-20T16:38:02+08:00 ] ::1 /WhatToCook/Public/assets/js/jquery-2.0.3.min.map
ERR: 无法加载模块:Public

[ 2015-11-20T16:42:15+08:00 ] ::1 /WhatToCook/Public/assets/js/jquery-2.0.3.min.map
ERR: 无法加载模块:Public

[ 2015-11-20T16:42:16+08:00 ] ::1 /WhatToCook/Public/assets/js/jquery-2.0.3.min.map
ERR: 无法加载模块:Public

[ 2015-11-20T16:42:26+08:00 ] ::1 /WhatToCook/Public/assets/js/jquery-2.0.3.min.map
ERR: 无法加载模块:Public

[ 2015-11-20T16:42:32+08:00 ] ::1 /WhatToCook/Public/assets/js/jquery-2.0.3.min.map
ERR: 无法加载模块:Public

[ 2015-11-20T16:42:37+08:00 ] ::1 /WhatToCook/Public/assets/js/jquery-2.0.3.min.map
ERR: 无法加载模块:Public

[ 2015-11-20T16:43:34+08:00 ] ::1 /WhatToCook/Public/assets/js/jquery-2.0.3.min.map
ERR: 无法加载模块:Public

[ 2015-11-20T16:43:37+08:00 ] ::1 /WhatToCook/Public/assets/js/jquery-2.0.3.min.map
ERR: 无法加载模块:Public

[ 2015-11-20T16:43:42+08:00 ] ::1 /WhatToCook/Public/assets/js/jquery-2.0.3.min.map
ERR: 无法加载模块:Public

[ 2015-11-20T16:47:51+08:00 ] ::1 /WhatToCook/Public/assets/js/jquery-2.0.3.min.map
ERR: 无法加载模块:Public

[ 2015-11-20T16:47:53+08:00 ] ::1 /WhatToCook/Public/assets/js/jquery-2.0.3.min.map
ERR: 无法加载模块:Public

[ 2015-11-20T16:47:56+08:00 ] ::1 /WhatToCook/Public/assets/js/jquery-2.0.3.min.map
ERR: 无法加载模块:Public

[ 2015-11-20T16:48:08+08:00 ] ::1 /WhatToCook/Public/assets/js/jquery-2.0.3.min.map
ERR: 无法加载模块:Public

[ 2015-11-20T16:48:32+08:00 ] ::1 /WhatToCook/Public/assets/js/jquery-2.0.3.min.map
ERR: 无法加载模块:Public

[ 2015-11-20T16:50:12+08:00 ] ::1 /WhatToCook/Public/assets/js/jquery-2.0.3.min.map
ERR: 无法加载模块:Public

[ 2015-11-20T16:50:20+08:00 ] ::1 /WhatToCook/Public/assets/js/jquery-2.0.3.min.map
ERR: 无法加载模块:Public

[ 2015-11-20T16:51:26+08:00 ] ::1 /WhatToCook/Public/assets/js/jquery-2.0.3.min.map
ERR: 无法加载模块:Public

[ 2015-11-20T16:52:14+08:00 ] ::1 /WhatToCook/Public/assets/js/jquery-2.0.3.min.map
ERR: 无法加载模块:Public

[ 2015-11-20T16:53:16+08:00 ] ::1 /WhatToCook/Public/assets/js/jquery-2.0.3.min.map
ERR: 无法加载模块:Public

[ 2015-11-20T16:53:21+08:00 ] ::1 /WhatToCook/Public/assets/js/jquery-2.0.3.min.map
ERR: 无法加载模块:Public

[ 2015-11-20T16:54:14+08:00 ] ::1 /WhatToCook/Public/assets/js/jquery-2.0.3.min.map
ERR: 无法加载模块:Public

[ 2015-11-20T16:58:35+08:00 ] ::1 /WhatToCook/Public/assets/js/jquery-2.0.3.min.map
ERR: 无法加载模块:Public

[ 2015-11-20T16:58:50+08:00 ] ::1 /WhatToCook/Public/assets/js/jquery-2.0.3.min.map
ERR: 无法加载模块:Public

[ 2015-11-20T17:00:22+08:00 ] ::1 /WhatToCook/Public/assets/js/jquery-2.0.3.min.map
ERR: 无法加载模块:Public

[ 2015-11-20T17:00:56+08:00 ] ::1 /WhatToCook/Public/assets/js/jquery-2.0.3.min.map
ERR: 无法加载模块:Public

[ 2015-11-20T17:01:00+08:00 ] ::1 /WhatToCook/Public/assets/js/jquery-2.0.3.min.map
ERR: 无法加载模块:Public

[ 2015-11-20T17:01:23+08:00 ] ::1 /WhatToCook/Public/assets/js/jquery-2.0.3.min.map
ERR: 无法加载模块:Public

[ 2015-11-20T17:01:27+08:00 ] ::1 /WhatToCook/Public/assets/js/jquery-2.0.3.min.map
ERR: 无法加载模块:Public

[ 2015-11-20T17:02:38+08:00 ] ::1 /WhatToCook/Public/assets/js/jquery-2.0.3.min.map
ERR: 无法加载模块:Public

[ 2015-11-20T17:03:13+08:00 ] ::1 /WhatToCook/Public/assets/js/jquery-2.0.3.min.map
ERR: 无法加载模块:Public

[ 2015-11-20T17:03:45+08:00 ] ::1 /WhatToCook/Public/assets/js/jquery-2.0.3.min.map
ERR: 无法加载模块:Public

[ 2015-11-20T17:04:02+08:00 ] ::1 /WhatToCook/Public/assets/js/jquery-2.0.3.min.map
ERR: 无法加载模块:Public

[ 2015-11-20T17:04:49+08:00 ] ::1 /WhatToCook/Public/assets/js/jquery-2.0.3.min.map
ERR: 无法加载模块:Public

[ 2015-11-20T17:05:17+08:00 ] ::1 /WhatToCook/Public/assets/js/jquery-2.0.3.min.map
ERR: 无法加载模块:Public

[ 2015-11-20T17:07:33+08:00 ] ::1 /WhatToCook/Public/assets/js/jquery-2.0.3.min.map
ERR: 无法加载模块:Public

[ 2015-11-20T17:08:09+08:00 ] ::1 /WhatToCook/Public/assets/js/jquery-2.0.3.min.map
ERR: 无法加载模块:Public

[ 2015-11-20T17:08:10+08:00 ] ::1 /WhatToCook/Public/assets/js/jquery-2.0.3.min.map
ERR: 无法加载模块:Public

[ 2015-11-20T17:08:11+08:00 ] ::1 /WhatToCook/Public/assets/js/jquery-2.0.3.min.map
ERR: 无法加载模块:Public

[ 2015-11-20T17:17:27+08:00 ] ::1 /WhatToCook/Public/assets/js/jquery-2.0.3.min.map
ERR: 无法加载模块:Public

